0 info it worked if it ends with ok
1 verbose cli [ 'C:\\Program Files\\nodejs\\node.exe',
1 verbose cli   'C:\\Program Files\\nodejs\\node_modules\\npm\\bin\\npm-cli.js',
1 verbose cli   'install',
1 verbose cli   'easyTimer' ]
2 info using npm@2.14.7
3 info using node@v4.2.0
4 verbose install initial load of C:\projects\clout\clout\package.json
5 warn package.json ionic-project@1.1.1 No repository field.
6 warn package.json ionic-project@1.1.1 No license field.
7 verbose readDependencies loading dependencies from C:\projects\clout\clout\package.json
8 silly cache add args [ 'easyTimer', null ]
9 verbose cache add spec easyTimer
10 silly cache add parsed spec Result {
10 silly cache add   raw: 'easyTimer',
10 silly cache add   scope: null,
10 silly cache add   name: 'easyTimer',
10 silly cache add   rawSpec: '',
10 silly cache add   spec: '*',
10 silly cache add   type: 'range' }
11 silly addNamed easyTimer@*
12 verbose addNamed "*" is a valid semver range for easyTimer
13 silly addNameRange { name: 'easyTimer', range: '*', hasData: false }
14 silly mapToRegistry name easyTimer
15 silly mapToRegistry using default registry
16 silly mapToRegistry registry https://registry.npmjs.org/
17 silly mapToRegistry uri https://registry.npmjs.org/easyTimer
18 verbose addNameRange registry:https://registry.npmjs.org/easyTimer not in flight; fetching
19 verbose request uri https://registry.npmjs.org/easyTimer
20 verbose request no auth needed
21 info attempt registry request try #1 at 11:05:38 AM
22 verbose request id e06207a97ef718d7
23 http request GET https://registry.npmjs.org/easyTimer
24 http 404 https://registry.npmjs.org/easyTimer
25 verbose headers { 'content-type': 'application/json',
25 verbose headers   'cache-control': 'max-age=0',
25 verbose headers   'content-length': '2',
25 verbose headers   'accept-ranges': 'bytes',
25 verbose headers   date: 'Mon, 11 Jan 2016 18:05:41 GMT',
25 verbose headers   via: '1.1 varnish',
25 verbose headers   age: '0',
25 verbose headers   connection: 'keep-alive',
25 verbose headers   'x-served-by': 'cache-dfw1831-DFW',
25 verbose headers   'x-cache': 'MISS',
25 verbose headers   'x-cache-hits': '0',
25 verbose headers   'x-timer': 'S1452535541.218423,VS0,VE80' }
26 silly get cb [ 404,
26 silly get   { 'content-type': 'application/json',
26 silly get     'cache-control': 'max-age=0',
26 silly get     'content-length': '2',
26 silly get     'accept-ranges': 'bytes',
26 silly get     date: 'Mon, 11 Jan 2016 18:05:41 GMT',
26 silly get     via: '1.1 varnish',
26 silly get     age: '0',
26 silly get     connection: 'keep-alive',
26 silly get     'x-served-by': 'cache-dfw1831-DFW',
26 silly get     'x-cache': 'MISS',
26 silly get     'x-cache-hits': '0',
26 silly get     'x-timer': 'S1452535541.218423,VS0,VE80' } ]
27 verbose stack Error: Registry returned 404 for GET on https://registry.npmjs.org/easyTimer
27 verbose stack     at makeError (C:\Program Files\nodejs\node_modules\npm\node_modules\npm-registry-client\lib\request.js:264:12)
27 verbose stack     at CachingRegistryClient.<anonymous> (C:\Program Files\nodejs\node_modules\npm\node_modules\npm-registry-client\lib\request.js:242:14)
27 verbose stack     at Request._callback (C:\Program Files\nodejs\node_modules\npm\node_modules\npm-registry-client\lib\request.js:172:14)
27 verbose stack     at Request.self.callback (C:\Program Files\nodejs\node_modules\npm\node_modules\request\request.js:198:22)
27 verbose stack     at emitTwo (events.js:87:13)
27 verbose stack     at Request.emit (events.js:172:7)
27 verbose stack     at Request.<anonymous> (C:\Program Files\nodejs\node_modules\npm\node_modules\request\request.js:1063:14)
27 verbose stack     at emitOne (events.js:82:20)
27 verbose stack     at Request.emit (events.js:169:7)
27 verbose stack     at IncomingMessage.<anonymous> (C:\Program Files\nodejs\node_modules\npm\node_modules\request\request.js:1009:12)
28 verbose statusCode 404
29 verbose pkgid easyTimer
30 verbose cwd C:\projects\clout\clout
31 error Windows_NT 10.0.10586
32 error argv "C:\\Program Files\\nodejs\\node.exe" "C:\\Program Files\\nodejs\\node_modules\\npm\\bin\\npm-cli.js" "install" "easyTimer"
33 error node v4.2.0
34 error npm  v2.14.7
35 error code E404
36 error 404 Registry returned 404 for GET on https://registry.npmjs.org/easyTimer
36 error 404
36 error 404 'easyTimer' is not in the npm registry.
36 error 404 Your package name is not valid, because
36 error 404
36 error 404  1. name can no longer contain capital letters
36 error 404 It was specified as a dependency of 'ionic-project'
36 error 404
36 error 404 Note that you can also install from a
36 error 404 tarball, folder, http url, or git url.
37 verbose exit [ 1, true ]
